
Gurobi 8.0.1 (linux64, Python) logging started Tue Mar  2 08:11:21 2021

Academic license - for non-commercial use only
Optimize a model with 1338 rows, 7229 columns and 2530596 nonzeros
Model has 4000 general constraints
Variable types: 5338 continuous, 1891 integer (1891 binary)
Coefficient statistics:
  Matrix range     [8e-04, 8e+01]
  Objective range  [1e+00, 1e+00]
  Bounds range     [1e+00, 8e+01]
  RHS range        [1e+00, 1e+00]
Presolve added 13331 rows and 10112 columns
Presolve time: 1.82s
Presolved: 14669 rows, 17341 columns, 41337 nonzeros
Presolved model has 2670 SOS constraint(s)
Variable types: 9337 continuous, 8004 integer (8004 binary)

Root relaxation: objective 0.000000e+00, 7433 iterations, 0.14 seconds

    Nodes    |    Current Node    |     Objective Bounds      |     Work
 Expl Unexpl |  Obj  Depth IntInf | Incumbent    BestBd   Gap | It/Node Time

     0     0    0.00000    0  945          -    0.00000      -     -    3s
     0     0    0.00000    0  943          -    0.00000      -     -    3s
H    0     0                       1.9937765    0.00000   100%     -    3s
H    0     0                       1.9928660    0.00000   100%     -    3s
     0     2    0.00000    0  943    1.99287    0.00000   100%     -    4s
     1     4    0.00000    1 1445    1.99287    0.00000   100%   896    5s
H   40    11                       1.8988896    0.00000   100%   109    9s
H   42    11                       1.8596979    0.00000   100%   107    9s
H   44    11                       1.8203089    0.00000   100%   108    9s
H   59    17                       1.8159505    0.00000   100%  93.8    9s
   171    50    0.00000   25  399    1.81595    0.00000   100%  53.8   10s
H  173    51                       1.8131721    0.00000   100%  53.2   10s
H  712   181                       1.7884963    0.00000   100%  13.9   10s
H 1431   195                       1.7884955    0.00000   100%   7.1   12s
  4432    18 infeasible   46         1.78850    0.00000   100%   4.1   15s

Cutting planes:
  Implied bound: 45

Explored 5319 nodes (28264 simplex iterations) in 15.63 seconds
Thread count was 12 (of 12 available processors)

Solution count 9: 1.7885 1.7885 1.81317 ... 1.99378

Optimal solution found (tolerance 1.00e-04)
Best objective 1.788495538115e+00, best bound 1.788495538115e+00, gap 0.0000%
Optimize a model with 1338 rows, 7229 columns and 2530596 nonzeros
Model has 4000 general constraints
Variable types: 5338 continuous, 1891 integer (1891 binary)
Coefficient statistics:
  Matrix range     [8e-04, 5e+01]
  Objective range  [1e+00, 1e+00]
  Bounds range     [1e+00, 5e+01]
  RHS range        [1e+00, 1e+00]
Presolve added 13331 rows and 11587 columns
Presolve time: 2.11s
Presolved: 14669 rows, 18816 columns, 2008987 nonzeros
Presolved model has 2670 SOS constraint(s)
Variable types: 9337 continuous, 9479 integer (9479 binary)

Deterministic concurrent LP optimizer: primal and dual simplex
Showing first log only...

Presolve removed 13335 rows and 16005 columns
Presolved: 1334 rows, 2811 columns, 1972984 nonzeros

Concurrent spin time: 0.00s

Solved with primal simplex

Root relaxation: objective 0.000000e+00, 3 iterations, 0.55 seconds

    Nodes    |    Current Node    |     Objective Bounds      |     Work
 Expl Unexpl |  Obj  Depth IntInf | Incumbent    BestBd   Gap | It/Node Time

     0     0    0.00000    0 1983          -    0.00000      -     -    3s
     0     0    0.00000    0 1983          -    0.00000      -     -    5s
     0     2    0.00000    0 1983          -    0.00000      -     -   22s
    25    20    0.00000    5 1973          -    0.00000      -   421   26s
   579   145 infeasible   67               -    0.00000      -  90.8   30s
*  780   164              98       1.2436494    0.00000   100%  78.9   30s
*  781   164              98       1.2436387    0.00000   100%  78.8   30s
   783   165    0.00000   90 1850    1.24364    0.00000   100%  78.6   35s
*  965   187              76       1.2433279    0.00000   100%  72.6   36s
*  966   187              76       1.2418008    0.00000   100%  72.5   36s
  1356   256 infeasible  218         1.24180    0.00000   100%  70.0   45s
  1908   338 infeasible  382         1.24180    0.00000   100%  61.7   50s
  2636   428    0.00000  535 1208    1.24180    0.00000   100%  53.4   55s
  3616   512    0.00000  712  947    1.24180    0.00000   100%  44.5   61s
  4533   560 infeasible  893         1.24180    0.00000   100%  38.2   65s
  5479   638    0.00000  160    0    1.24180    0.00000   100%  34.0  284s
H 5480   607                       0.4838228    0.00000   100%  34.0  293s
  5481   607    0.00000   55    2    0.48382    0.00000   100%  34.0  300s
  5482   608    0.00000  183    2    0.48382    0.00000   100%  34.0  305s
H 5482   577                       0.4832988    0.00000   100%  34.0  308s
  5484   578    0.00000  123    6    0.48330    0.00000   100%  34.0  317s
H 5484   549                       0.4204083    0.00000   100%  34.0  349s
  5485   550    0.00000  222   20    0.42041    0.00000   100%  34.0  360s
  5486   551    0.00000   18   24    0.42041    0.00000   100%  34.0  368s
  5487   551    0.00000  113   64    0.42041    0.00000   100%  34.0  390s
  5488   552    0.00000   46   37    0.42041    0.00000   100%  34.0  397s
H 5488   524                       0.4167743    0.00000   100%  34.0  409s
H 5488   498                       0.4167604    0.00000   100%  34.0  409s
  5489   499    0.00000    8    2    0.41676    0.00000   100%  34.0  414s
H 5489   474                       0.4158289    0.00000   100%  34.0  417s
H 5489   450                       0.4155650    0.00000   100%  34.0  417s
  5490   450    0.00000  158    3    0.41557    0.00000   100%  34.0  420s
  5492   452    0.00000   55   46    0.41557    0.00000   100%  33.9  434s
  5493   452    0.00000  132    3    0.41557    0.00000   100%  33.9  444s
  5494   453    0.00000   35    2    0.41557    0.00000   100%  33.9  445s
  5497   455    0.00000  109    7    0.41557    0.00000   100%  33.9  460s
  5499   456    0.00000   44    7    0.41557    0.00000   100%  33.9  468s
  5500   460    0.00000   15   31    0.41557    0.00000   100%  36.6  472s
  5502   459    0.00000   16    2    0.41557    0.00000   100%  37.0  475s
  5506   459 infeasible   17         0.41557    0.00000   100%  38.4  487s
  5510   456    0.00000   18    2    0.41557    0.00000   100%  39.2  492s
  5515   454    0.28078   19  168    0.41557    0.00000   100%  41.6  517s
  5521   452    0.37033   21   10    0.41557    0.29137  29.9%  41.9  523s
  5524   452    0.37578   22   13    0.41557    0.29169  29.8%  41.9  525s
  5538   448    0.38292   26   15    0.41557    0.30620  26.3%  42.1  530s
  5553   445    0.38849   30   13    0.41557    0.33001  20.6%  42.4  541s
  5567   439    0.39426   33   11    0.41557    0.37681  9.33%  42.7  545s
  5599   428    0.38413   40   20    0.41557    0.38413  7.56%  42.7  550s
  5710   389    0.41408   59    5    0.41557    0.40263  3.11%  42.4  555s

Cutting planes:
  Gomory: 3
  Cover: 11
  Implied bound: 19
  Clique: 1
  MIR: 14
  Flow cover: 26
  Inf proof: 1

Explored 5765 nodes (242576 simplex iterations) in 556.64 seconds
Thread count was 12 (of 12 available processors)

Solution count 10: 0.415565 0.415829 0.41676 ... 1.24364

Optimal solution found (tolerance 1.00e-04)
Best objective 4.155650485841e-01, best bound 4.155650485841e-01, gap 0.0000%
Optimize a model with 1338 rows, 7229 columns and 2530596 nonzeros
Model has 4000 general constraints
Variable types: 5338 continuous, 1891 integer (1891 binary)
Coefficient statistics:
  Matrix range     [8e-04, 8e+01]
  Objective range  [1e+00, 1e+00]
  Bounds range     [1e+00, 8e+01]
  RHS range        [1e+00, 1e+00]
Presolve added 2377 rows and 0 columns
Presolve removed 0 rows and 3512 columns
Presolve time: 2.03s
Presolved: 3715 rows, 3717 columns, 13426 nonzeros
Variable types: 2914 continuous, 803 integer (803 binary)

Root relaxation: objective 0.000000e+00, 1100 iterations, 0.02 seconds

    Nodes    |    Current Node    |     Objective Bounds      |     Work
 Expl Unexpl |  Obj  Depth IntInf | Incumbent    BestBd   Gap | It/Node Time

     0     0    0.00000    0    3          -    0.00000      -     -    2s
H    0     0                       1.9519729    0.00000   100%     -    2s
     0     0    0.00000    0    4    1.95197    0.00000   100%     -    2s
     0     0    0.00000    0    2    1.95197    0.00000   100%     -    2s
     0     0    0.81691    0    2    1.95197    0.81691  58.1%     -    2s
H    0     0                       1.7896711    0.81691  54.4%     -    2s
H    0     0                       1.7884955    0.81691  54.3%     -    2s
     0     0    0.81899    0  181    1.78850    0.81899  54.2%     -    3s
     0     0    0.81899    0  187    1.78850    0.81899  54.2%     -    8s
     0     0    0.81899    0    2    1.78850    0.81899  54.2%     -    8s
     0     2    0.81899    0    2    1.78850    0.81899  54.2%     -    8s

Cutting planes:
  Implied bound: 8
  Clique: 1039
  MIR: 15
  Flow cover: 6
  Network: 9

Explored 4 nodes (4290 simplex iterations) in 8.83 seconds
Thread count was 12 (of 12 available processors)

Solution count 3: 1.7885 1.78967 1.95197 

Optimal solution found (tolerance 1.00e-04)
Best objective 1.788495538115e+00, best bound 1.788495538115e+00, gap 0.0000%
Optimize a model with 1338 rows, 7229 columns and 2530596 nonzeros
Model has 4000 general constraints
Variable types: 5338 continuous, 1891 integer (1891 binary)
Coefficient statistics:
  Matrix range     [8e-04, 5e+01]
  Objective range  [1e+00, 1e+00]
  Bounds range     [1e+00, 5e+01]
  RHS range        [1e+00, 1e+00]
Presolve added 13331 rows and 11839 columns
Presolve time: 2.06s
Presolved: 14669 rows, 19068 columns, 2345155 nonzeros
Presolved model has 2670 SOS constraint(s)
Variable types: 9337 continuous, 9731 integer (9731 binary)

Deterministic concurrent LP optimizer: primal and dual simplex
Showing first log only...

Presolve removed 13335 rows and 16005 columns
Presolved: 1334 rows, 3063 columns, 2309152 nonzeros

Concurrent spin time: 0.00s

Solved with primal simplex

Root relaxation: objective 0.000000e+00, 1 iterations, 0.61 seconds

    Nodes    |    Current Node    |     Objective Bounds      |     Work
 Expl Unexpl |  Obj  Depth IntInf | Incumbent    BestBd   Gap | It/Node Time

     0     0    0.00000    0 2016          -    0.00000      -     -    3s
     0     0    0.00000    0 2016          -    0.00000      -     -    6s
     0     2    0.00000    0 2016          -    0.00000      -     -    7s
    59    51    0.00000    8 2175          -    0.00000      -   262   10s
   348   173    0.00000   41 2131          -    0.00000      -   162   15s
  1405   338    0.00000  229 1806          -    0.00000      -  67.2   21s
  2430   401 infeasible  395               -    0.00000      -  45.9   25s
  3966   488 infeasible  613               -    0.00000      -  33.7   31s
  5430   542    0.00000  798  911          -    0.00000      -  26.5   36s
  6815   581    0.00000  965  618          -    0.00000      -  22.1   40s
  7450   608    0.00000   97    0          -    0.00000      -  20.6  195s
  7452   609    0.00000  185    2          -    0.00000      -  20.6  222s
  7453   610    0.00000  104    2          -    0.00000      -  20.6  229s
  7454   611    0.00000  282    2          -    0.00000      -  20.6  261s
  7455   611    0.00000    4    3          -    0.00000      -  20.6  313s
H 7455   580                       1.1717514    0.00000   100%  20.6  344s
  7456   581    0.00000  142  113    1.17175    0.00000   100%  20.6  503s
  7457   582    0.00000    5  116    1.17175    0.00000   100%  20.6  530s
  7458   582    0.00000  134    2    1.17175    0.00000   100%  20.6  599s
H 7458   553                       1.0728035    0.00000   100%  20.6  599s
  7459   554    0.00000  121    2    1.07280    0.00000   100%  20.6  601s
H 7459   526                       1.0721615    0.00000   100%  20.6  604s
  7460   527    0.00000  382    2    1.07216    0.00000   100%  20.6  607s
H 7460   500                       1.0721614    0.00000   100%  20.6  610s
H 7460   475                       1.0266069    0.00000   100%  20.6  614s
  7462   476    0.00000  109    3    1.02661    0.00000   100%  20.6  617s
  7463   477    0.00000   99    3    1.02661    0.00000   100%  20.6  628s
  7464   480    0.25046   13   22    1.02661    0.00000   100%  22.7  631s
  7466   482    0.25138   14   27    1.02661    0.00000   100%  22.7  671s
* 7469   457              14       0.2825649    0.00000   100%  23.9  671s
  7479   448    0.25818   19  246    0.28256    0.25472  9.85%  24.6  677s
* 7480   425              19       0.2804865    0.25823  7.93%  24.6  677s

Cutting planes:
  Cover: 19
  Implied bound: 282
  Clique: 22
  MIR: 3
  Flow cover: 3
  GUB cover: 197

Explored 7502 nodes (185714 simplex iterations) in 679.57 seconds
Thread count was 12 (of 12 available processors)

Solution count 7: 0.280486 0.282565 1.02661 ... 1.17175

Optimal solution found (tolerance 1.00e-04)
Best objective 2.804864710288e-01, best bound 2.804864710288e-01, gap 0.0000%
Optimize a model with 1338 rows, 7229 columns and 2530596 nonzeros
Model has 4000 general constraints
Variable types: 5338 continuous, 1891 integer (1891 binary)
Coefficient statistics:
  Matrix range     [8e-04, 8e+01]
  Objective range  [1e+00, 1e+00]
  Bounds range     [1e+00, 8e+01]
  RHS range        [1e+00, 1e+00]
Presolve added 13331 rows and 10112 columns
Presolve time: 1.69s
Presolved: 14669 rows, 17341 columns, 41337 nonzeros
Presolved model has 2670 SOS constraint(s)
Variable types: 9337 continuous, 8004 integer (8004 binary)

Root relaxation: objective 0.000000e+00, 7326 iterations, 0.12 seconds

    Nodes    |    Current Node    |     Objective Bounds      |     Work
 Expl Unexpl |  Obj  Depth IntInf | Incumbent    BestBd   Gap | It/Node Time

     0     0    0.00000    0  941          -    0.00000      -     -    3s
     0     0    0.00000    0  939          -    0.00000      -     -    3s
H    0     0                       1.9817518    0.00000   100%     -    3s
     0     2    0.00000    0  939    1.98175    0.00000   100%     -    4s
     3     4    0.00000    2  923    1.98175    0.00000   100%   296    5s
H   29     6                       1.9800446    0.00000   100%   218    7s
H   78    17                       1.8303737    0.00000   100%   124    8s
H  110    28                       1.8285896    0.00000   100%   104    8s
H  280    57                       1.8278408    0.00000   100%  44.7    8s
H  473   116                       1.8219536    0.00000   100%  27.0    9s
H  584   133                       1.8091567    0.00000   100%  22.0    9s
   617   122 infeasible   77         1.80916    0.00000   100%  20.9   10s
H 1265   129                       1.8086105    0.00000   100%  11.1   11s
* 3082   122             316       1.7459980    0.00000   100%   5.1   12s
H 4924    92                       1.7459930    0.00000   100%   3.7   14s
* 5737    75             250       1.7450046    0.00000   100%   3.3   14s
H 5982    37                       1.7360144    0.00000   100%   3.2   14s
  6474    35 infeasible   31         1.73601    0.00000   100%   3.1   15s
H 7873    66                       1.7356731    0.00000   100%   2.6   16s
* 8378    30             212       1.7264315    0.00000   100%   2.5   16s
H 8856    15                       1.7264291    0.00000   100%   2.3   16s
* 9045     6             212       1.7258967    0.00000   100%   2.3   16s

Cutting planes:
  Implied bound: 71

Explored 9399 nodes (30141 simplex iterations) in 17.04 seconds
Thread count was 12 (of 12 available processors)

Solution count 10: 1.7259 1.72643 1.72643 ... 1.80916

Optimal solution found (tolerance 1.00e-04)
Best objective 1.725896748044e+00, best bound 1.725896748044e+00, gap 0.0000%
Optimize a model with 1338 rows, 7229 columns and 2530596 nonzeros
Model has 4000 general constraints
Variable types: 5338 continuous, 1891 integer (1891 binary)
Coefficient statistics:
  Matrix range     [8e-04, 5e+01]
  Objective range  [1e+00, 1e+00]
  Bounds range     [1e+00, 5e+01]
  RHS range        [1e+00, 1e+00]
Presolve added 13331 rows and 11552 columns
Presolve time: 1.94s
Presolved: 14669 rows, 18781 columns, 1962297 nonzeros
Presolved model has 2670 SOS constraint(s)
Variable types: 9337 continuous, 9444 integer (9444 binary)

Deterministic concurrent LP optimizer: primal and dual simplex
Showing first log only...

Presolve removed 13335 rows and 16005 columns
Presolved: 1334 rows, 2776 columns, 1926294 nonzeros

Concurrent spin time: 0.00s

Solved with primal simplex

Root relaxation: objective 0.000000e+00, 3 iterations, 0.48 seconds

    Nodes    |    Current Node    |     Objective Bounds      |     Work
 Expl Unexpl |  Obj  Depth IntInf | Incumbent    BestBd   Gap | It/Node Time

     0     0    0.00000    0 2040          -    0.00000      -     -    2s
     0     0    0.00000    0 2040          -    0.00000      -     -    5s
     0     2    0.00000    0 2040          -    0.00000      -     -    6s
    31    12    0.00000    7 2017          -    0.00000      -   244   10s
   269   178    0.00000   36 1976          -    0.00000      -   253   17s
   477   277    0.00000   59 1948          -    0.00000      -   216   20s
   671   354 infeasible   96               -    0.00000      -   193   25s
  1269   505    0.00000  198 1744          -    0.00000      -   137   30s
  2152   600    0.00000  329 1559          -    0.00000      -  94.3   38s
  2634   620 infeasible  399               -    0.00000      -  81.5   40s
  3454   689    0.00000  514 1303          -    0.00000      -  66.9   46s
  4543   748    0.00000  659 1084          -    0.00000      -  54.3   52s
  5006   783    0.00000  715 1014          -    0.00000      -  50.4   55s
  6251   843    0.00000  694    0          -    0.00000      -  42.1  207s
  6253   844    0.00000   26    2          -    0.00000      -  42.1  218s
  6254   845    0.00000   78    2          -    0.00000      -  42.1  223s
H 6254   802                       0.8616922    0.00000   100%  42.1  226s
  6256   803    0.00000  440    9    0.86169    0.00000   100%  42.1  233s
  6257   804    0.00000  286   42    0.86169    0.00000   100%  42.0  247s
  6258   805    0.00000  557   26    0.86169    0.00000   100%  42.0  258s
  6259   805    0.00000   43    2    0.86169    0.00000   100%  42.0  267s
  6260   806    0.00000   45    2    0.86169    0.00000   100%  42.0  270s
  6261   807    0.00000   29    3    0.86169    0.00000   100%  42.0  276s
  6262   807    0.00000   95    3    0.86169    0.00000   100%  42.0  281s
  6264   809    0.00000  408    3    0.86169    0.00000   100%  42.0  287s
  6265   812    0.56288   11  862    0.86169    0.00000   100%  44.2  311s
  6267   814    0.58492   12  838    0.86169    0.00000   100%  44.3  331s
  6271   815    0.83254   13  328    0.86169    0.00000   100%  45.3  446s
  6283   818    0.71303   15   50    0.86169    0.33446  61.2%  47.6  454s
  6295   815    0.73399   16   45    0.86169    0.33446  61.2%  47.9  455s
  6524   833    0.82517   58   58    0.86169    0.33446  61.2%  48.1  460s
H 6532   729                       0.6830619    0.33446  51.0%  48.1  461s
H 6536   665                       0.5304978    0.33446  37.0%  48.2  461s
H 6584   624                       0.5202836    0.39190  24.7%  48.3  462s
H 6591   593                       0.4495148    0.39190  12.8%  48.3  462s
H 6701   543                       0.4451136    0.40248  9.58%  48.0  464s
* 6751   505              84       0.4442137    0.40520  8.78%  47.8  464s
H 6793   460                       0.4442023    0.40802  8.14%  47.6  464s
H 6808   431                       0.4441498    0.41372  6.85%  47.5  464s
  6810   415 infeasible   38         0.44415    0.41372  6.85%  47.5  465s
H 6918   327                       0.4440977    0.43070  3.02%  46.9  466s
H 6931   297                       0.4436887    0.43110  2.84%  46.8  466s
H 6989   216                       0.4436886    0.43539  1.87%  46.5  467s

Cutting planes:
  Cover: 17
  Implied bound: 28
  Clique: 10
  MIR: 5
  Flow cover: 10

Explored 7002 nodes (325162 simplex iterations) in 467.06 seconds
Thread count was 12 (of 12 available processors)

Solution count 10: 0.443689 0.443689 0.444098 ... 0.530498

Optimal solution found (tolerance 1.00e-04)
Best objective 4.436886323097e-01, best bound 4.436886323097e-01, gap 0.0000%
Optimize a model with 1338 rows, 7229 columns and 2530596 nonzeros
Model has 4000 general constraints
Variable types: 5338 continuous, 1891 integer (1891 binary)
Coefficient statistics:
  Matrix range     [8e-04, 8e+01]
  Objective range  [1e+00, 1e+00]
  Bounds range     [1e+00, 8e+01]
  RHS range        [1e+00, 1e+00]
Presolve added 4320 rows and 0 columns
Presolve removed 0 rows and 1568 columns
Presolve time: 2.38s
Presolved: 5658 rows, 5661 columns, 22299 nonzeros
Variable types: 3928 continuous, 1733 integer (1733 binary)

Root relaxation: objective 0.000000e+00, 1744 iterations, 0.17 seconds

    Nodes    |    Current Node    |     Objective Bounds      |     Work
 Expl Unexpl |  Obj  Depth IntInf | Incumbent    BestBd   Gap | It/Node Time

     0     0    0.00000    0    2          -    0.00000      -     -    2s
H    0     0                       1.8900781    0.00000   100%     -    2s
     0     0    0.00000    0    2    1.89008    0.00000   100%     -    2s
     0     0    0.00000    0    2    1.89008    0.00000   100%     -    2s
     0     0    0.00000    0    2    1.89008    0.00000   100%     -    2s
     0     0    0.00000    0    3    1.89008    0.00000   100%     -    2s
     0     0    0.00000    0    5    1.89008    0.00000   100%     -    2s
     0     2    0.00000    0    5    1.89008    0.00000   100%     -    2s
*   21     7               4       1.7258967    1.72590  0.00%   269    3s

Cutting planes:
  Gomory: 1
  MIR: 4
  Flow cover: 3

Explored 25 nodes (7446 simplex iterations) in 3.06 seconds
Thread count was 12 (of 12 available processors)

Solution count 2: 1.7259 1.89008 

Optimal solution found (tolerance 1.00e-04)
Best objective 1.725896748044e+00, best bound 1.725896748044e+00, gap 0.0000%
Optimize a model with 1338 rows, 7229 columns and 2530596 nonzeros
Model has 4000 general constraints
Variable types: 5338 continuous, 1891 integer (1891 binary)
Coefficient statistics:
  Matrix range     [8e-04, 5e+01]
  Objective range  [1e+00, 1e+00]
  Bounds range     [1e+00, 5e+01]
  RHS range        [1e+00, 1e+00]
Presolve added 13331 rows and 11832 columns
Presolve time: 1.89s
Presolved: 14669 rows, 19061 columns, 2335817 nonzeros
Presolved model has 2670 SOS constraint(s)
Variable types: 9337 continuous, 9724 integer (9724 binary)

Deterministic concurrent LP optimizer: primal and dual simplex
Showing first log only...

Presolve removed 13335 rows and 16005 columns
Presolved: 1334 rows, 3056 columns, 2299814 nonzeros

Concurrent spin time: 0.00s

Solved with primal simplex

Root relaxation: objective 0.000000e+00, 1 iterations, 0.54 seconds

    Nodes    |    Current Node    |     Objective Bounds      |     Work
 Expl Unexpl |  Obj  Depth IntInf | Incumbent    BestBd   Gap | It/Node Time

     0     0    0.00000    0 2021          -    0.00000      -     -    2s
     0     0    0.00000    0 2021          -    0.00000      -     -    5s
     0     2    0.00000    0 2021          -    0.00000      -     -    6s
    19    21    0.00000    5 1813          -    0.00000      -   367   10s
   376   116    0.00000   20 1741          -    0.00000      -   160   15s
  1134   234    0.00000   41 1745          -    0.00000      -  82.7   21s
  1841   307    0.00000   57 1746          -    0.00000      -  59.8   25s
  2747   380    0.00000   76 1743          -    0.00000      -  45.5   30s
  3895   461    0.00000   93 1732          -    0.00000      -  35.2   35s
  5322   527    0.00000  115 1732          -    0.00000      -  27.6   41s
  6304   551    0.00000  129 1732          -    0.00000      -  24.1   45s
  8120   601    0.00000  148 1731          -    0.00000      -  19.5   50s
  9507   643    0.00000  162 1731          -    0.00000      -  17.1   55s
 10977   664    0.00000  177 1732          -    0.00000      -  15.2   60s
 11634   707    0.00000   31    0          -    0.00000      -  14.5  247s
 11636   708    0.00000   21   11          -    0.00000      -  14.5  492s
H11636   672                       1.7825963    0.00000   100%  14.5  535s
 11637   673    0.00000  218    2    1.78260    0.00000   100%  14.5  554s
 11638   674    0.00000   34    2    1.78260    0.00000   100%  14.5  572s
H11638   640                       0.6760138    0.00000   100%  14.5  572s
 11639   640    0.00000   34    4    0.67601    0.00000   100%  14.5  579s
 11640   641    0.00000  112    2    0.67601    0.00000   100%  14.5  589s
 11641   642    0.00000  117    2    0.67601    0.00000   100%  14.5  596s
 11642   642    0.00000   12    3    0.67601    0.00000   100%  14.5  601s
 11643   643    0.00000   72    5    0.67601    0.00000   100%  14.5  611s
 11644   644    0.00000  126    2    0.67601    0.00000   100%  14.5  616s
H11644   612                       0.5521745    0.00000   100%  14.5  617s
 11645   612    0.00000   72    6    0.55217    0.00000   100%  14.5  620s
 11646   613    0.00000   32    8    0.55217    0.00000   100%  14.5  644s
 11647   614    0.00000    7    8    0.55217    0.00000   100%  14.5  671s
 11648   614    0.00000   23    8    0.55217    0.00000   100%  14.5  678s
 11649   615    0.00000  152    7    0.55217    0.00000   100%  14.5  682s
 11650   616    0.00000  161    7    0.55217    0.00000   100%  14.5  685s
 11651   616    0.00000  144    7    0.55217    0.00000   100%  14.5  692s
 11654   622    0.00000   14    4    0.55217    0.00000   100%  15.2  729s
 11658   625    0.00000   15  386    0.55217    0.00000   100%  15.6  765s
 11664   628    0.00000   16    2    0.55217    0.00000   100%  16.2  780s
 11670   628    0.01649   16   15    0.55217    0.00000   100%  17.6  927s
 11676   628    0.00000   17    2    0.55217    0.00000   100%  18.3  934s
 11682   625 infeasible   17         0.55217    0.00000   100%  18.9  977s
 11691   618    0.50076   18   14    0.55217    0.00000   100%  19.7  982s
 11715   614    0.00000   17   14    0.55217    0.00000   100%  22.1  994s
 11725   609    0.18163   18 1077    0.55217    0.00000   100%  22.9 1016s
 11740   604    0.18729   19  716    0.55217    0.00000   100%  23.2 1041s
 11772   599    0.19316   24  711    0.55217    0.00000   100%  25.4 1045s
 11900   595    0.20543   42  836    0.55217    0.01845  96.7%  26.6 1051s
*12009   489              18       0.2720194    0.25656  5.68%  27.7 1056s

Cutting planes:
  Gomory: 2
  Cover: 4
  Implied bound: 195
  Clique: 11
  MIR: 8
  Flow cover: 6
  GUB cover: 9
  Inf proof: 1
  Zero half: 1

Explored 12090 nodes (336330 simplex iterations) in 1057.48 seconds
Thread count was 12 (of 12 available processors)

Solution count 4: 0.272019 0.552174 0.676014 1.7826 

Optimal solution found (tolerance 1.00e-04)
Best objective 2.720193884378e-01, best bound 2.720193884378e-01, gap 0.0000%
Optimize a model with 1339 rows, 7233 columns and 2532493 nonzeros
Model has 4003 general constraints
Variable types: 5342 continuous, 1891 integer (1891 binary)
Coefficient statistics:
  Matrix range     [7e-04, 8e+01]
  Objective range  [1e+00, 1e+00]
  Bounds range     [1e+00, 8e+01]
  RHS range        [1e+00, 1e+00]
Presolve added 13341 rows and 10121 columns
Presolve time: 1.68s
Presolved: 14680 rows, 17354 columns, 41368 nonzeros
Presolved model has 2672 SOS constraint(s)
Variable types: 9344 continuous, 8010 integer (8010 binary)

Root relaxation: objective 0.000000e+00, 7377 iterations, 0.11 seconds

    Nodes    |    Current Node    |     Objective Bounds      |     Work
 Expl Unexpl |  Obj  Depth IntInf | Incumbent    BestBd   Gap | It/Node Time

     0     0    0.00000    0  909          -    0.00000      -     -    3s
     0     0    0.00000    0  909          -    0.00000      -     -    3s
H    0     0                       1.9938993    0.00000   100%     -    3s
H    0     0                       1.9879863    0.00000   100%     -    3s
     0     2    0.00000    0  909    1.98799    0.00000   100%     -    4s
     3     6 infeasible    2         1.98799    0.00000   100%   379    5s
H   42    13                       1.8819771    0.00000   100%  79.4    7s
H   48    13                       1.8819314    0.00000   100%  96.4    7s
H   63    19                       1.8800729    0.00000   100%  95.3    7s
H   83    23                       1.8215411    0.00000   100%  88.5    7s
H  120    33                       1.8203060    0.00000   100%  62.3    7s
H  122    33                       1.8200075    0.00000   100%  61.4    7s
* 2466   274             264       1.8194381    0.00000   100%   3.5    9s
* 2470   274             263       1.8191554    0.00000   100%   3.5    9s
  3071   166 infeasible   41         1.81916    0.00000   100%   2.8   10s
* 3167   214             322       1.7974008    0.00000   100%   2.8   10s
H 3941   164                       1.7963789    0.00000   100%   2.4   10s
  5693   339    0.00000   48    0    1.79638    0.00000   100%   2.0   30s
H 5694   323                       1.7226435    1.72261  0.00%   2.0   30s

Explored 5694 nodes (22145 simplex iterations) in 30.20 seconds
Thread count was 12 (of 12 available processors)

Solution count 10: 1.72264 1.79638 1.7974 ... 1.88193

Optimal solution found (tolerance 1.00e-04)
Best objective 1.722643470478e+00, best bound 1.722607860937e+00, gap 0.0021%
Optimize a model with 1339 rows, 7233 columns and 2532493 nonzeros
Model has 4003 general constraints
Variable types: 5342 continuous, 1891 integer (1891 binary)
Coefficient statistics:
  Matrix range     [7e-04, 5e+01]
  Objective range  [1e+00, 1e+00]
  Bounds range     [1e+00, 5e+01]
  RHS range        [1e+00, 1e+00]
Presolve added 13341 rows and 11605 columns
Presolve time: 1.89s
Presolved: 14680 rows, 18838 columns, 2022508 nonzeros
Presolved model has 2672 SOS constraint(s)
Variable types: 9344 continuous, 9494 integer (9494 binary)

Deterministic concurrent LP optimizer: primal and dual simplex
Showing first log only...

Presolve removed 13345 rows and 16017 columns
Presolved: 1335 rows, 2821 columns, 1986478 nonzeros

Concurrent spin time: 0.00s

Solved with primal simplex

Root relaxation: objective 0.000000e+00, 3 iterations, 0.47 seconds

    Nodes    |    Current Node    |     Objective Bounds      |     Work
 Expl Unexpl |  Obj  Depth IntInf | Incumbent    BestBd   Gap | It/Node Time

     0     0    0.00000    0 1909          -    0.00000      -     -    2s
     0     0    0.00000    0 1909          -    0.00000      -     -    5s
     0     2    0.00000    0 1909          -    0.00000      -     -    6s
   156    80    0.00000   19 2002          -    0.00000      -   184   10s
*  657   206             109       1.0998441    0.00000   100%  79.7   13s
   779   226    0.00000   37 2025    1.09984    0.00000   100%  76.6   15s
  1116   318    0.00000   57 1998    1.09984    0.00000   100%  77.2   20s
  1659   391    0.00000   86 1957    1.09984    0.00000   100%  65.1   25s
  2158   443    0.00000  114 1912    1.09984    0.00000   100%  56.4   33s
  2338   467 infeasible  124         1.09984    0.00000   100%  53.5   35s
  3455   541    0.00000  162 1848    1.09984    0.00000   100%  41.2   41s
  3896   562    0.00000  177 1818    1.09984    0.00000   100%  37.9   46s
  4909   613    0.00000  215 1765    1.09984    0.00000   100%  32.6   50s
  6060   656    0.00000  249 1714    1.09984    0.00000   100%  28.0   55s
  7465   712    0.00000  322 1616    1.09984    0.00000   100%  24.3   60s
H 8169   753                       1.0967706    0.00000   100%  23.5   60s
  8170   754    0.00000  174    0    1.09677    0.00000   100%  23.5  258s
H 8171   717                       0.6264118    0.00000   100%  23.5  266s
  8172   717    0.00000   40    2    0.62641    0.00000   100%  23.5  270s
  8173   718    0.00000   53    2    0.62641    0.00000   100%  23.5  275s
H 8174   683                       0.6253436    0.00000   100%  23.4  280s
H 8176   649                       0.6253436    0.00000   100%  23.4  286s
  8179   651    0.00000  143    8    0.62534    0.00000   100%  23.4  291s
H 8179   619                       0.6011897    0.00000   100%  23.4  294s
  8181   620    0.00000   64   11    0.60119    0.00000   100%  23.4  298s
  8182   621    0.00000   48    6    0.60119    0.00000   100%  23.4  302s
  8184   622    0.00000  208   14    0.60119    0.00000   100%  23.4  308s
  8185   623    0.00000  217   35    0.60119    0.00000   100%  23.4  314s
  8186   624    0.00000   31   26    0.60119    0.00000   100%  23.4  323s
H 8186   592                       0.4953322    0.00000   100%  23.4  331s
H 8186   562                       0.4907672    0.00000   100%  23.4  331s
  8189   564    0.00000   28    2    0.49077    0.00000   100%  23.4  335s
  8190   564    0.00000  128    2    0.49077    0.00000   100%  23.4  344s
  8191   567    0.47520   14 1348    0.49077    0.00000   100%  25.0  388s
  8193   566    0.47809   15 1077    0.49077    0.00000   100%  25.0  393s
  8196   567    0.47914   16 1113    0.49077    0.00000   100%  25.2  398s
  8199   569 infeasible   17         0.49077    0.00000   100%  25.5  402s
* 8204   542              18       0.4857963    0.00000   100%  25.6  403s
  8210   543    0.00000   19    9    0.48580    0.00000   100%  28.1  447s
  8216   545    0.00000   20   66    0.48580    0.00000   100%  33.1  459s
  8222   547    0.00000   21    4    0.48580    0.00000   100%  33.8  472s
H 8223   519                       0.4564427    0.00000   100%  33.8  472s
  8239   509    0.00029   24    5    0.45644    0.00000   100%  35.8  476s
  8248   508 infeasible   26         0.45644    0.00000   100%  36.8  486s
  8258   502    0.44579   20   23    0.45644    0.00000   100%  37.8  492s
  8273   496     cutoff   22         0.45644    0.00000   100%  38.0  495s
  8287   490    0.40339   22  801    0.45644    0.00000   100%  38.4  500s
  8314   480    0.41166   25  763    0.45644    0.00000   100%  38.7  507s
  8331   473    0.43410   28  757    0.45644    0.00000   100%  39.1  524s
  8353   467    0.44260   32  442    0.45644    0.00000   100%  40.1  528s
H 8354   441                       0.4469898    0.00000   100%  40.1  528s
  8369   430    0.44347   33  519    0.44699    0.00000   100%  40.1  531s
  8390   423    0.00000   20    7    0.44699    0.00000   100%  40.7  547s
H 8395   396                       0.4467209    0.00000   100%  40.7  547s
H 8445   365                       0.4467074    0.10984  75.4%  40.7  549s
  8482   363    0.11419   38  108    0.44671    0.11419  74.4%  40.6  550s
* 8556   329              80       0.4457225    0.39050  12.4%  40.4  550s
H 8663   261                       0.4456883    0.40433  9.28%  40.1  552s
H 8723   230                       0.4454588    0.41327  7.23%  39.9  552s
* 8747   171              77       0.4452762    0.41738  6.26%  39.8  552s
H 8778   139                       0.4452760    0.43283  2.79%  39.7  553s

Cutting planes:
  Gomory: 5
  Cover: 4
  Implied bound: 17
  Clique: 2
  MIR: 21
  Flow cover: 66
  GUB cover: 1
  Inf proof: 1

Explored 8787 nodes (348409 simplex iterations) in 553.21 seconds
Thread count was 12 (of 12 available processors)

Solution count 10: 0.445276 0.445276 0.445459 ... 0.485796

Optimal solution found (tolerance 1.00e-04)
Best objective 4.452759672677e-01, best bound 4.452759672677e-01, gap 0.0000%
Optimize a model with 1339 rows, 7233 columns and 2532493 nonzeros
Model has 4003 general constraints
Variable types: 5342 continuous, 1891 integer (1891 binary)
Coefficient statistics:
  Matrix range     [7e-04, 8e+01]
  Objective range  [1e+00, 1e+00]
  Bounds range     [1e+00, 8e+01]
  RHS range        [1e+00, 1e+00]
Presolve added 13341 rows and 11353 columns
Presolve time: 1.64s
Presolved: 14680 rows, 18586 columns, 1686088 nonzeros
Presolved model has 2672 SOS constraint(s)
Variable types: 9344 continuous, 9242 integer (9242 binary)

Deterministic concurrent LP optimizer: primal and dual simplex
Showing first log only...

Presolve removed 13345 rows and 16017 columns
Presolved: 1335 rows, 2569 columns, 1650058 nonzeros

Concurrent spin time: 0.02s

Solved with primal simplex

Root relaxation: objective 0.000000e+00, 37 iterations, 0.45 seconds

    Nodes    |    Current Node    |     Objective Bounds      |     Work
 Expl Unexpl |  Obj  Depth IntInf | Incumbent    BestBd   Gap | It/Node Time

     0     0    0.00000    0 2032          -    0.00000      -     -   17s
     0     0    0.00000    0 2042          -    0.00000      -     -   18s
     0     0    0.00000    0 2042          -    0.00000      -     -   19s
     0     2    0.00000    0 2042          -    0.00000      -     -   19s
     3     2    0.00000    2 2037          -    0.00000      -   2.3   20s
    10     6    0.00000    5 1154          -    0.00000      -   290   25s
*  408    36              46       1.7968528    0.00000   100%  34.7   27s
H  516    42                       1.7968496    0.00000   100%  30.1   29s
   572    60    0.00000   21 1130    1.79685    0.00000   100%  28.3   30s
H  611    60                       1.7963789    0.00000   100%  26.5   30s
  2963   223 infeasible  201         1.79638    0.00000   100%   7.0   35s
  3637   444    0.00000  578    0    1.79638    0.00000   100%   6.0   63s
  3642   447    0.80056  397  120    1.79638    0.80056  55.4%   5.9   65s
  3651   455    1.09445  557    6    1.79638    1.09445  39.1%   7.2   70s
* 3657   435              26       1.7226435    1.72264  0.00%   7.2   73s

Cutting planes:
  Gomory: 3
  Cover: 21
  Implied bound: 251
  Clique: 299
  MIR: 55
  Flow cover: 64
  GUB cover: 2
  Zero half: 2

Explored 3658 nodes (33827 simplex iterations) in 73.24 seconds
Thread count was 12 (of 12 available processors)

Solution count 4: 1.72264 1.79638 1.79685 1.79685 

Optimal solution found (tolerance 1.00e-04)
Best objective 1.722643470478e+00, best bound 1.722643470478e+00, gap 0.0000%
Optimize a model with 1339 rows, 7233 columns and 2532493 nonzeros
Model has 4003 general constraints
Variable types: 5342 continuous, 1891 integer (1891 binary)
Coefficient statistics:
  Matrix range     [7e-04, 5e+01]
  Objective range  [1e+00, 1e+00]
  Bounds range     [1e+00, 5e+01]
  RHS range        [1e+00, 1e+00]
Presolve added 13341 rows and 11845 columns
Presolve time: 1.66s
Presolved: 14680 rows, 19078 columns, 2342908 nonzeros
Presolved model has 2672 SOS constraint(s)
Variable types: 9344 continuous, 9734 integer (9734 binary)

Deterministic concurrent LP optimizer: primal and dual simplex
Showing first log only...

Presolve removed 13345 rows and 16017 columns
Presolved: 1335 rows, 3061 columns, 2306878 nonzeros

Concurrent spin time: 0.10s

Solved with primal simplex

Root relaxation: objective 0.000000e+00, 1 iterations, 0.58 seconds

    Nodes    |    Current Node    |     Objective Bounds      |     Work
 Expl Unexpl |  Obj  Depth IntInf | Incumbent    BestBd   Gap | It/Node Time

     0     0    0.00000    0 1839          -    0.00000      -     -    2s
     0     0    0.00000    0 1839          -    0.00000      -     -    5s
     0     2    0.00000    0 1839          -    0.00000      -     -    6s
    40    25    0.00000    7 2038          -    0.00000      -   365   10s
*  758   173              86       0.9249106    0.00000   100%  71.2   14s
H  766   175                       0.9249106    0.00000   100%  71.1   18s
   975   180    0.00000   65 1984    0.92491    0.00000   100%  62.8   20s
  1969   236    0.00000   82 1986    0.92491    0.00000   100%  42.6   26s
* 2371   253              90       0.8918369    0.00000   100%  36.7   27s
  3723   277    0.00000  109 1983    0.89184    0.00000   100%  25.5   30s
H 5510   319                       0.8918369    0.00000   100%  18.3   34s
  5750   320    0.00000  140 1983    0.89184    0.00000   100%  17.6   36s
  7684   349    0.00000  159 1983    0.89184    0.00000   100%  13.7   40s
  9797   414    0.00000  181 1982    0.89184    0.00000   100%  11.6   54s
  9887   422    0.00000  188 1984    0.89184    0.00000   100%  11.5   56s
 11274   545    0.00000   47    0    0.89184    0.00000   100%  10.4  268s
H11275   518                       0.7321975    0.00000   100%  10.4  290s
 11277   519    0.00000    4    2    0.73220    0.00000   100%  10.4  298s
 11278   520    0.00000  709    2    0.73220    0.00000   100%  10.4  301s
 11279   520    0.00000  585    3    0.73220    0.00000   100%  10.4  307s
 11280   521    0.00000   52    3    0.73220    0.00000   100%  10.4  311s
 11281   522    0.00000   18    3    0.73220    0.00000   100%  10.4  316s
 11282   525    0.50098   15 1584    0.73220    0.00000   100%  11.3  399s
 11284   527    0.50182   16 1768    0.73220    0.00000   100%  11.3  423s
 11288   529    0.50356   17 1605    0.73220    0.00000   100%  11.5  428s
 11294   528    0.50389   18 1632    0.73220    0.00000   100%  11.7  432s
 11300   529    0.50482   19 1644    0.73220    0.00000   100%  12.0  437s
 11306   528     cutoff   19         0.73220    0.00000   100%  12.3  443s
 11312   527    0.50712   20 1927    0.73220    0.00000   100%  15.1  492s
 11319   532     cutoff   20         0.73220    0.00000   100%  18.3  497s
 11330   523 infeasible   21         0.73220    0.00000   100%  18.9  518s
 11339   523 infeasible   22         0.73220    0.00000   100%  20.3  522s
 11350   520 infeasible   23         0.73220    0.00000   100%  20.9  527s
 11365   518    0.54312   24  957    0.73220    0.00000   100%  21.5  546s
 11400   511    0.54730   28  860    0.73220    0.00000   100%  22.3  550s
*11472   461              38       0.6983593    0.00000   100%  22.8  562s
*11492   422              48       0.2709642    0.00000   100%  23.4  564s
 11520   402     cutoff   42         0.27096    0.00000   100%  24.0  586s

Cutting planes:
  Flow cover: 4

Explored 11552 nodes (294064 simplex iterations) in 588.21 seconds
Thread count was 12 (of 12 available processors)

Solution count 7: 0.270964 0.698359 0.732198 ... 0.924911

Optimal solution found (tolerance 1.00e-04)
Best objective 2.709642150055e-01, best bound 2.709642150055e-01, gap 0.0000%
